SF:lib\model\post_model.dart
DA:7,0
DA:9,0
DA:10,0
DA:11,0
DA:12,0
DA:13,0
DA:15,0
DA:16,0
DA:17,0
DA:18,0
DA:19,0
LF:11
LH:0
end_of_record
SF:lib\services\http_service.dart
DA:8,3
DA:19,0
DA:20,0
DA:21,0
DA:22,0
DA:23,0
DA:28,1
DA:29,1
DA:30,3
DA:31,4
DA:32,1
DA:37,0
DA:38,0
DA:39,0
DA:40,0
DA:41,0
DA:46,0
DA:47,0
DA:48,0
DA:49,0
DA:50,0
DA:57,1
DA:58,1
DA:62,0
DA:63,0
DA:64,0
DA:65,0
DA:66,0
DA:67,0
DA:72,0
DA:73,0
DA:74,0
DA:75,0
DA:76,0
DA:77,0
DA:78,0
DA:85,1
DA:86,1
DA:87,1
LF:39
LH:11
end_of_record
